# JRE version: Java(TM) SE Runtime Environment (8.0_144-b01) (build 1.8.0_144-b01)
# Java VM: Java HotSpot(TM) 64-Bit Server VM (25.144-b01 mixed mode windows-amd64 compressed oops)
Heap:
 PSYoungGen      total 32768K, used 8781K [0x00000000d8380000, 0x00000000da900000, 0x0000000100000000)
  eden space 29184K, 19% used [0x00000000d8380000,0x00000000d8907fc8,0x00000000da000000)
  from space 3584K, 86% used [0x00000000da080000,0x00000000da38b580,0x00000000da400000)
  to   space 4608K, 0% used [0x00000000da480000,0x00000000da480000,0x00000000da900000)
 ParOldGen       total 81920K, used 1594K [0x0000000088a00000, 0x000000008da00000, 0x00000000d8380000)
  object space 81920K, 1% used [0x0000000088a00000,0x0000000088b8e9f0,0x000000008da00000)
 Metaspace       used 15140K, capacity 15338K, committed 15488K, reserved 1062912K
  class space    used 2356K, capacity 2425K, committed 2432K, reserved 1048576K
GC Heap History (10 events):
Event: 29.426 GC heap before
{Heap before GC invocations=3 (full 0):
 PSYoungGen      total 35840K, used 33308K [0x00000000d8380000, 0x00000000dab80000, 0x0000000100000000)
  eden space 30720K, 100% used [0x00000000d8380000,0x00000000da180000,0x00000000da180000)
  from space 5120K, 50% used [0x00000000da680000,0x00000000da9070e0,0x00000000dab80000)
  to   space 5120K, 0% used [0x00000000da180000,0x00000000da180000,0x00000000da680000)
 ParOldGen       total 81920K, used 0K [0x0000000088a00000, 0x000000008da00000, 0x00000000d8380000)
  object space 81920K, 0% used [0x0000000088a00000,0x0000000088a00000,0x000000008da00000)
 Metaspace       used 8457K, capacity 8852K, committed 9088K, reserved 1056768K
  class space    used 1282K, capacity 1336K, committed 1408K, reserved 1048576K
Event: 29.429 GC heap after
Heap after GC invocations=3 (full 0):
 PSYoungGen      total 35840K, used 2674K [0x00000000d8380000, 0x00000000dab80000, 0x0000000100000000)
  eden space 30720K, 0% used [0x00000000d8380000,0x00000000d8380000,0x00000000da180000)
  from space 5120K, 52% used [0x00000000da180000,0x00000000da41c948,0x00000000da680000)
  to   space 5120K, 0% used [0x00000000da680000,0x00000000da680000,0x00000000dab80000)
 ParOldGen       total 81920K, used 0K [0x0000000088a00000, 0x000000008da00000, 0x00000000d8380000)
  object space 81920K, 0% used [0x0000000088a00000,0x0000000088a00000,0x000000008da00000)
 Metaspace       used 8457K, capacity 8852K, committed 9088K, reserved 1056768K
  class space    used 1282K, capacity 1336K, committed 1408K, reserved 1048576K
}
Event: 37.800 GC heap before
{Heap before GC invocations=4 (full 0):
 PSYoungGen      total 35840K, used 33394K [0x00000000d8380000, 0x00000000dab80000, 0x0000000100000000)
  eden space 30720K, 100% used [0x00000000d8380000,0x00000000da180000,0x00000000da180000)
  from space 5120K, 52% used [0x00000000da180000,0x00000000da41c948,0x00000000da680000)
  to   space 5120K, 0% used [0x00000000da680000,0x00000000da680000,0x00000000dab80000)
 ParOldGen       total 81920K, used 0K [0x0000000088a00000, 0x000000008da00000, 0x00000000d8380000)
  object space 81920K, 0% used [0x0000000088a00000,0x0000000088a00000,0x000000008da00000)
 Metaspace       used 9431K, capacity 9844K, committed 10112K, reserved 1058816K
  class space    used 1577K, capacity 1624K, committed 1664K, reserved 1048576K
Event: 37.803 GC heap after
Heap after GC invocations=4 (full 0):
 PSYoungGen      total 35840K, used 2786K [0x00000000d8380000, 0x00000000dab80000, 0x0000000100000000)
  eden space 30720K, 0% used [0x00000000d8380000,0x00000000d8380000,0x00000000da180000)
  from space 5120K, 54% used [0x00000000da680000,0x00000000da938958,0x00000000dab80000)
  to   space 5120K, 0% used [0x00000000da180000,0x00000000da180000,0x00000000da680000)
 ParOldGen       total 81920K, used 0K [0x0000000088a00000, 0x000000008da00000, 0x00000000d8380000)
  object space 81920K, 0% used [0x0000000088a00000,0x0000000088a00000,0x000000008da00000)
 Metaspace       used 9431K, capacity 9844K, committed 10112K, reserved 1058816K
  class space    used 1577K, capacity 1624K, committed 1664K, reserved 1048576K
}
Event: 46.051 GC heap before
{Heap before GC invocations=5 (full 0):
 PSYoungGen      total 35840K, used 33506K [0x00000000d8380000, 0x00000000dab80000, 0x0000000100000000)
  eden space 30720K, 100% used [0x00000000d8380000,0x00000000da180000,0x00000000da180000)
  from space 5120K, 54% used [0x00000000da680000,0x00000000da938958,0x00000000dab80000)
  to   space 5120K, 0% used [0x00000000da180000,0x00000000da180000,0x00000000da680000)
 ParOldGen       total 81920K, used 0K [0x0000000088a00000, 0x000000008da00000, 0x00000000d8380000)
  object space 81920K, 0% used [0x0000000088a00000,0x0000000088a00000,0x000000008da00000)
 Metaspace       used 10512K, capacity 10932K, committed 11264K, reserved 1058816K
  class space    used 1873K, capacity 1944K, committed 2048K, reserved 1048576K
Event: 46.053 GC heap after
Heap after GC invocations=5 (full 0):
 PSYoungGen      total 33280K, used 3042K [0x00000000d8380000, 0x00000000dab00000, 0x0000000100000000)
  eden space 30208K, 0% used [0x00000000d8380000,0x00000000d8380000,0x00000000da100000)
  from space 3072K, 99% used [0x00000000da180000,0x00000000da478938,0x00000000da480000)
  to   space 5120K, 0% used [0x00000000da600000,0x00000000da600000,0x00000000dab00000)
 ParOldGen       total 81920K, used 0K [0x0000000088a00000, 0x000000008da00000, 0x00000000d8380000)
  object space 81920K, 0% used [0x0000000088a00000,0x0000000088a00000,0x000000008da00000)
 Metaspace       used 10512K, capacity 10932K, committed 11264K, reserved 1058816K
  class space    used 1873K, capacity 1944K, committed 2048K, reserved 1048576K
}
Event: 104.767 GC heap before
{Heap before GC invocations=6 (full 0):
 PSYoungGen      total 33280K, used 33250K [0x00000000d8380000, 0x00000000dab00000, 0x0000000100000000)
  eden space 30208K, 100% used [0x00000000d8380000,0x00000000da100000,0x00000000da100000)
  from space 3072K, 99% used [0x00000000da180000,0x00000000da478938,0x00000000da480000)
  to   space 5120K, 0% used [0x00000000da600000,0x00000000da600000,0x00000000dab00000)
 ParOldGen       total 81920K, used 0K [0x0000000088a00000, 0x000000008da00000, 0x00000000d8380000)
  object space 81920K, 0% used [0x0000000088a00000,0x0000000088a00000,0x000000008da00000)
 Metaspace       used 12521K, capacity 12682K, committed 12928K, reserved 1060864K
  class space    used 2106K, capacity 2137K, committed 2176K, reserved 1048576K
Event: 104.770 GC heap after
Heap after GC invocations=6 (full 0):
 PSYoungGen      total 34304K, used 3316K [0x00000000d8380000, 0x00000000daa80000, 0x0000000100000000)
  eden space 29696K, 0% used [0x00000000d8380000,0x00000000d8380000,0x00000000da080000)
  from space 4608K, 71% used [0x00000000da600000,0x00000000da93d2c0,0x00000000daa80000)
  to   space 5120K, 0% used [0x00000000da080000,0x00000000da080000,0x00000000da580000)
 ParOldGen       total 81920K, used 0K [0x0000000088a00000, 0x000000008da00000, 0x00000000d8380000)
  object space 81920K, 0% used [0x0000000088a00000,0x0000000088a00000,0x000000008da00000)
 Metaspace       used 12521K, capacity 12682K, committed 12928K, reserved 1060864K
  class space    used 2106K, capacity 2137K, committed 2176K, reserved 1048576K
}
Event: 168.659 GC heap before
{Heap before GC invocations=7 (full 0):
 PSYoungGen      total 34304K, used 33012K [0x00000000d8380000, 0x00000000daa80000, 0x0000000100000000)
  eden space 29696K, 100% used [0x00000000d8380000,0x00000000da080000,0x00000000da080000)
  from space 4608K, 71% used [0x00000000da600000,0x00000000da93d2c0,0x00000000daa80000)
  to   space 5120K, 0% used [0x00000000da080000,0x00000000da080000,0x00000000da580000)
 ParOldGen       total 81920K, used 0K [0x0000000088a00000, 0x000000008da00000, 0x00000000d8380000)
  object space 81920K, 0% used [0x0000000088a00000,0x0000000088a00000,0x000000008da00000)
 Metaspace       used 14952K, capacity 15146K, committed 15232K, reserved 1062912K
  class space    used 2346K, capacity 2425K, committed 2432K, reserved 1048576K
Event: 168.662 GC heap after
Heap after GC invocations=7 (full 0):
 PSYoungGen      total 32768K, used 3117K [0x00000000d8380000, 0x00000000da900000, 0x0000000100000000)
  eden space 29184K, 0% used [0x00000000d8380000,0x00000000d8380000,0x00000000da000000)
  from space 3584K, 86% used [0x00000000da080000,0x00000000da38b580,0x00000000da400000)
  to   space 4608K, 0% used [0x00000000da480000,0x00000000da480000,0x00000000da900000)
 ParOldGen       total 81920K, used 1594K [0x0000000088a00000, 0x000000008da00000, 0x00000000d8380000)
  object space 81920K, 1% used [0x0000000088a00000,0x0000000088b8e9f0,0x000000008da00000)
 Metaspace       used 14952K, capacity 15146K, committed 15232K, reserved 1062912K
  class space    used 2346K, capacity 2425K, committed 2432K, reserved 1048576K
}

